Using pre-set license

 COMMAND LINE ARGUMENTS:
/Applications/Unity/Hub/Editor/2020.3.7f1/Unity.app/Contents/MacOS/Unity
-adb2
-batchMode
-noUpm
-name
AssetImportWorker0
-projectPath
/Users/zoeyfarago/lighthouse/post/2DUnityWalkthrough/Terrible Tweeters
-logFile
Logs/AssetImportWorker0.log
-srvPort
54275
Successfully changed project path to: /Users/zoeyfarago/lighthouse/post/2DUnityWalkthrough/Terrible Tweeters
/Users/zoeyfarago/lighthouse/post/2DUnityWalkthrough/Terrible Tweeters
Using Asset Import Pipeline V2.
Refreshing native plugins compatible for Editor in 42.46 ms, found 2 plugins.
Preloading 0 native plugins for Editor in 0.00 ms.
Initialize engine version: 2020.3.7f1 (dd97f2c94397)
[Subsystems] Discovering subsystems at path /Applications/Unity/Hub/Editor/2020.3.7f1/Unity.app/Contents/Resources/UnitySubsystems
[Subsystems] Discovering subsystems at path /Users/zoeyfarago/lighthouse/post/2DUnityWalkthrough/Terrible Tweeters/Assets
GfxDevice: creating device client; threaded=0
2021-05-24 21:45:14.309 Unity[1260:166829] Color LCD preferred device: Intel(R) Iris(TM) Plus Graphics 650 (low power)
2021-05-24 21:45:14.309 Unity[1260:166829] Metal devices available: 1
2021-05-24 21:45:14.309 Unity[1260:166829] 0: Intel(R) Iris(TM) Plus Graphics 650 (low power)
2021-05-24 21:45:14.311 Unity[1260:166829] Using device Intel(R) Iris(TM) Plus Graphics 650 (low power)
Initializing Metal device caps: Intel(R) Iris(TM) Plus Graphics 650
Initialize mono
Mono path[0] = '/Applications/Unity/Hub/Editor/2020.3.7f1/Unity.app/Contents/Managed'
Mono path[1] = '/Applications/Unity/Hub/Editor/2020.3.7f1/Unity.app/Contents/MonoBleedingEdge/lib/mono/unityjit'
Mono config path = '/Applications/Unity/Hub/Editor/2020.3.7f1/Unity.app/Contents/MonoBleedingEdge/etc'
Using monoOptions --debugger-agent=transport=dt_socket,embedding=1,server=y,suspend=n,address=127.0.0.1:56260
Begin MonoManager ReloadAssembly
Registering precompiled unity dll's ...
Register platform support module: /Applications/Unity/Hub/Editor/2020.3.7f1/Unity.app/Contents/PlaybackEngines/MacStandaloneSupport/UnityEditor.OSXStandalone.Extensions.dll
Registered in 0.003912 seconds.
Native extension for OSXStandalone target not found
Refreshing native plugins compatible for Editor in 39.26 ms, found 2 plugins.
Preloading 0 native plugins for Editor in 0.00 ms.
Mono: successfully reloaded assembly
- Completed reload, in  2.685 seconds
Platform modules already initialized, skipping
Registering precompiled user dll's ...
Registered in 0.002254 seconds.
Begin MonoManager ReloadAssembly
Native extension for OSXStandalone target not found
Refreshing native plugins compatible for Editor in 45.99 ms, found 2 plugins.
Preloading 0 native plugins for Editor in 0.00 ms.
Mono: successfully reloaded assembly
- Completed reload, in  1.260 seconds
Platform modules already initialized, skipping
========================================================================
Worker process is ready to serve import requests
Launching external process: /Applications/Unity/Hub/Editor/2020.3.7f1/Unity.app/Contents/Tools/UnityShaderCompiler
Launched and connected shader compiler UnityShaderCompiler after 0.03 seconds
Refreshing native plugins compatible for Editor in 0.67 ms, found 2 plugins.
Preloading 0 native plugins for Editor in 0.00 ms.
Unloading 1809 Unused Serialized files (Serialized files now loaded: 0)
System memory in use before: 144.3 MB.
System memory in use after: 144.2 MB.

Unloading 24 unused Assets to reduce memory usage. Loaded Objects now: 2251.
Total: 3.134574 ms (FindLiveObjects: 0.386479 ms CreateObjectMapping: 0.148773 ms MarkObjects: 2.355582 ms  DeleteObjects: 0.242056 ms)

========================================================================
Received Import Request.
  path: Assets/Scripts/Bird.cs
  artifactKey: Guid(8be90bc728ca14a7fa625a617a5c3729) Importer(815301076,1909f56bfc062723c751e8b465ee728b)
Start importing Assets/Scripts/Bird.cs using Guid(8be90bc728ca14a7fa625a617a5c3729) Importer(815301076,1909f56bfc062723c751e8b465ee728b)  -> (artifact id: '347aa142fc3514054c321e4102b4cfd6') in 0.360899 seconds
  Import took 0.367877 seconds .

========================================================================
Received Prepare
Registering precompiled user dll's ...
Registered in 0.001111 seconds.
Begin MonoManager ReloadAssembly
Native extension for OSXStandalone target not found
Refreshing native plugins compatible for Editor in 0.57 ms, found 2 plugins.
Preloading 0 native plugins for Editor in 0.00 ms.
Mono: successfully reloaded assembly
- Completed reload, in  1.347 seconds
Platform modules already initialized, skipping
Refreshing native plugins compatible for Editor in 0.49 ms, found 2 plugins.
Preloading 0 native plugins for Editor in 0.00 ms.
Unloading 1804 Unused Serialized files (Serialized files now loaded: 0)
System memory in use before: 145.5 MB.
System memory in use after: 145.5 MB.

Unloading 12 unused Assets to reduce memory usage. Loaded Objects now: 2255.
Total: 3.357836 ms (FindLiveObjects: 0.245068 ms CreateObjectMapping: 0.181106 ms MarkObjects: 2.799848 ms  DeleteObjects: 0.130101 ms)

========================================================================
Received Import Request.
  Time since last request: 70.256194 seconds.
  path: Assets/Scripts/Bird.cs
  artifactKey: Guid(8be90bc728ca14a7fa625a617a5c3729) Importer(815301076,1909f56bfc062723c751e8b465ee728b)
Start importing Assets/Scripts/Bird.cs using Guid(8be90bc728ca14a7fa625a617a5c3729) Importer(815301076,1909f56bfc062723c751e8b465ee728b)  -> (artifact id: 'e016e90655381b07b7ad7a15eaae1bc0') in 0.006199 seconds
  Import took 0.011949 seconds .

========================================================================
Received Prepare
Registering precompiled user dll's ...
Registered in 0.000604 seconds.
Begin MonoManager ReloadAssembly
Native extension for OSXStandalone target not found
Refreshing native plugins compatible for Editor in 0.68 ms, found 2 plugins.
Preloading 0 native plugins for Editor in 0.00 ms.
Mono: successfully reloaded assembly
- Completed reload, in  1.322 seconds
Platform modules already initialized, skipping
Refreshing native plugins compatible for Editor in 0.40 ms, found 2 plugins.
Preloading 0 native plugins for Editor in 0.00 ms.
Unloading 1804 Unused Serialized files (Serialized files now loaded: 0)
System memory in use before: 145.7 MB.
System memory in use after: 145.7 MB.

Unloading 12 unused Assets to reduce memory usage. Loaded Objects now: 2259.
Total: 3.449221 ms (FindLiveObjects: 0.251069 ms CreateObjectMapping: 0.127617 ms MarkObjects: 2.916060 ms  DeleteObjects: 0.152601 ms)

========================================================================
Received Import Request.
  Time since last request: 47.922330 seconds.
  path: Assets/Scripts/Bird.cs
  artifactKey: Guid(8be90bc728ca14a7fa625a617a5c3729) Importer(815301076,1909f56bfc062723c751e8b465ee728b)
Start importing Assets/Scripts/Bird.cs using Guid(8be90bc728ca14a7fa625a617a5c3729) Importer(815301076,1909f56bfc062723c751e8b465ee728b)  -> (artifact id: '6e01dd2c5d57bf9f405eaa23a4bf71aa') in 0.006363 seconds
  Import took 0.011816 seconds .

========================================================================
Received Prepare
Registering precompiled user dll's ...
Registered in 0.000719 seconds.
Begin MonoManager ReloadAssembly
Native extension for OSXStandalone target not found
Refreshing native plugins compatible for Editor in 0.39 ms, found 2 plugins.
Preloading 0 native plugins for Editor in 0.00 ms.
Mono: successfully reloaded assembly
- Completed reload, in  1.131 seconds
Platform modules already initialized, skipping
Refreshing native plugins compatible for Editor in 0.39 ms, found 2 plugins.
Preloading 0 native plugins for Editor in 0.00 ms.
Unloading 1804 Unused Serialized files (Serialized files now loaded: 0)
System memory in use before: 145.9 MB.
System memory in use after: 145.9 MB.

Unloading 12 unused Assets to reduce memory usage. Loaded Objects now: 2263.
Total: 2.177481 ms (FindLiveObjects: 0.236299 ms CreateObjectMapping: 0.071463 ms MarkObjects: 1.753463 ms  DeleteObjects: 0.115258 ms)

========================================================================
Received Prepare
Registering precompiled user dll's ...
Registered in 0.001734 seconds.
Begin MonoManager ReloadAssembly
Native extension for OSXStandalone target not found
Refreshing native plugins compatible for Editor in 0.81 ms, found 2 plugins.
Preloading 0 native plugins for Editor in 0.00 ms.
Mono: successfully reloaded assembly
- Completed reload, in  1.428 seconds
Platform modules already initialized, skipping
Refreshing native plugins compatible for Editor in 0.57 ms, found 2 plugins.
Preloading 0 native plugins for Editor in 0.00 ms.
Unloading 1804 Unused Serialized files (Serialized files now loaded: 0)
System memory in use before: 146.1 MB.
System memory in use after: 146.0 MB.

Unloading 12 unused Assets to reduce memory usage. Loaded Objects now: 2267.
Total: 3.601669 ms (FindLiveObjects: 0.388937 ms CreateObjectMapping: 0.138313 ms MarkObjects: 2.951464 ms  DeleteObjects: 0.117895 ms)

========================================================================
Received Prepare
Registering precompiled user dll's ...
Registered in 0.001111 seconds.
Begin MonoManager ReloadAssembly
Native extension for OSXStandalone target not found
Refreshing native plugins compatible for Editor in 0.48 ms, found 2 plugins.
Preloading 0 native plugins for Editor in 0.00 ms.
Mono: successfully reloaded assembly
- Completed reload, in  1.171 seconds
Platform modules already initialized, skipping
Refreshing native plugins compatible for Editor in 0.47 ms, found 2 plugins.
Preloading 0 native plugins for Editor in 0.00 ms.
Unloading 1804 Unused Serialized files (Serialized files now loaded: 0)
System memory in use before: 146.3 MB.
System memory in use after: 146.2 MB.

Unloading 12 unused Assets to reduce memory usage. Loaded Objects now: 2271.
Total: 3.666292 ms (FindLiveObjects: 0.495065 ms CreateObjectMapping: 0.230532 ms MarkObjects: 2.801443 ms  DeleteObjects: 0.136977 ms)

========================================================================
Received Prepare
Registering precompiled user dll's ...
Registered in 0.001837 seconds.
Begin MonoManager ReloadAssembly
Native extension for OSXStandalone target not found
Refreshing native plugins compatible for Editor in 0.44 ms, found 2 plugins.
Preloading 0 native plugins for Editor in 0.00 ms.
Mono: successfully reloaded assembly
- Completed reload, in  1.256 seconds
Platform modules already initialized, skipping
Refreshing native plugins compatible for Editor in 0.41 ms, found 2 plugins.
Preloading 0 native plugins for Editor in 0.00 ms.
Unloading 1804 Unused Serialized files (Serialized files now loaded: 0)
System memory in use before: 146.5 MB.
System memory in use after: 146.4 MB.

Unloading 12 unused Assets to reduce memory usage. Loaded Objects now: 2275.
Total: 2.495224 ms (FindLiveObjects: 0.386716 ms CreateObjectMapping: 0.140044 ms MarkObjects: 1.844399 ms  DeleteObjects: 0.122393 ms)

========================================================================
Received Import Request.
  Time since last request: 338.546871 seconds.
  path: Assets/Scripts/Bird.cs
  artifactKey: Guid(8be90bc728ca14a7fa625a617a5c3729) Importer(815301076,1909f56bfc062723c751e8b465ee728b)
Start importing Assets/Scripts/Bird.cs using Guid(8be90bc728ca14a7fa625a617a5c3729) Importer(815301076,1909f56bfc062723c751e8b465ee728b)  -> (artifact id: '17d1c9b3dca9e4c19f1a10aeb9033458') in 0.005760 seconds
  Import took 0.012211 seconds .

========================================================================
Received Prepare
Registering precompiled user dll's ...
Registered in 0.001609 seconds.
Begin MonoManager ReloadAssembly
Native extension for OSXStandalone target not found
Refreshing native plugins compatible for Editor in 0.40 ms, found 2 plugins.
Preloading 0 native plugins for Editor in 0.00 ms.
Mono: successfully reloaded assembly
- Completed reload, in  1.252 seconds
Platform modules already initialized, skipping
Refreshing native plugins compatible for Editor in 0.40 ms, found 2 plugins.
Preloading 0 native plugins for Editor in 0.00 ms.
Unloading 1804 Unused Serialized files (Serialized files now loaded: 0)
System memory in use before: 146.6 MB.
System memory in use after: 146.6 MB.

Unloading 12 unused Assets to reduce memory usage. Loaded Objects now: 2279.
Total: 4.836667 ms (FindLiveObjects: 0.244322 ms CreateObjectMapping: 0.078412 ms MarkObjects: 4.331386 ms  DeleteObjects: 0.180601 ms)

