Using pre-set license

 COMMAND LINE ARGUMENTS:
/Applications/Unity/Hub/Editor/2020.3.7f1/Unity.app/Contents/MacOS/Unity
-adb2
-batchMode
-noUpm
-name
AssetImportWorker0
-projectPath
/Users/zoeyfarago/lighthouse/post/2DUnityWalkthrough/Terrible Tweeters
-logFile
Logs/AssetImportWorker0.log
-srvPort
62724
Successfully changed project path to: /Users/zoeyfarago/lighthouse/post/2DUnityWalkthrough/Terrible Tweeters
/Users/zoeyfarago/lighthouse/post/2DUnityWalkthrough/Terrible Tweeters
Using Asset Import Pipeline V2.
Refreshing native plugins compatible for Editor in 45.39 ms, found 2 plugins.
Preloading 0 native plugins for Editor in 0.00 ms.
Initialize engine version: 2020.3.7f1 (dd97f2c94397)
[Subsystems] Discovering subsystems at path /Applications/Unity/Hub/Editor/2020.3.7f1/Unity.app/Contents/Resources/UnitySubsystems
[Subsystems] Discovering subsystems at path /Users/zoeyfarago/lighthouse/post/2DUnityWalkthrough/Terrible Tweeters/Assets
GfxDevice: creating device client; threaded=0
2021-05-27 22:27:52.576 Unity[11226:2036270] Color LCD preferred device: Intel(R) Iris(TM) Plus Graphics 650 (low power)
2021-05-27 22:27:52.577 Unity[11226:2036270] Metal devices available: 1
2021-05-27 22:27:52.577 Unity[11226:2036270] 0: Intel(R) Iris(TM) Plus Graphics 650 (low power)
2021-05-27 22:27:52.579 Unity[11226:2036270] Using device Intel(R) Iris(TM) Plus Graphics 650 (low power)
Initializing Metal device caps: Intel(R) Iris(TM) Plus Graphics 650
Initialize mono
Mono path[0] = '/Applications/Unity/Hub/Editor/2020.3.7f1/Unity.app/Contents/Managed'
Mono path[1] = '/Applications/Unity/Hub/Editor/2020.3.7f1/Unity.app/Contents/MonoBleedingEdge/lib/mono/unityjit'
Mono config path = '/Applications/Unity/Hub/Editor/2020.3.7f1/Unity.app/Contents/MonoBleedingEdge/etc'
Using monoOptions --debugger-agent=transport=dt_socket,embedding=1,server=y,suspend=n,address=127.0.0.1:56226
Begin MonoManager ReloadAssembly
Registering precompiled unity dll's ...
Register platform support module: /Applications/Unity/Hub/Editor/2020.3.7f1/Unity.app/Contents/PlaybackEngines/MacStandaloneSupport/UnityEditor.OSXStandalone.Extensions.dll
Registered in 0.002729 seconds.
Native extension for OSXStandalone target not found
Refreshing native plugins compatible for Editor in 40.89 ms, found 2 plugins.
Preloading 0 native plugins for Editor in 0.00 ms.
Mono: successfully reloaded assembly
- Completed reload, in  3.060 seconds
Platform modules already initialized, skipping
Registering precompiled user dll's ...
Registered in 0.002035 seconds.
Begin MonoManager ReloadAssembly
Native extension for OSXStandalone target not found
Refreshing native plugins compatible for Editor in 44.82 ms, found 2 plugins.
Preloading 0 native plugins for Editor in 0.00 ms.
Mono: successfully reloaded assembly
- Completed reload, in  1.471 seconds
Platform modules already initialized, skipping
========================================================================
Worker process is ready to serve import requests
Launching external process: /Applications/Unity/Hub/Editor/2020.3.7f1/Unity.app/Contents/Tools/UnityShaderCompiler
Launched and connected shader compiler UnityShaderCompiler after 0.02 seconds
Refreshing native plugins compatible for Editor in 0.45 ms, found 2 plugins.
Preloading 0 native plugins for Editor in 0.00 ms.
Unloading 1958 Unused Serialized files (Serialized files now loaded: 0)
System memory in use before: 151.3 MB.
System memory in use after: 151.2 MB.

Unloading 25 unused Assets to reduce memory usage. Loaded Objects now: 2401.
Total: 3.623135 ms (FindLiveObjects: 0.743657 ms CreateObjectMapping: 0.121226 ms MarkObjects: 2.600549 ms  DeleteObjects: 0.152178 ms)

========================================================================
Received Import Request.
  path: Assets/Prefabs
  artifactKey: Guid(078b8a50185c44c8cb0f6309ddf7c818) Importer(815301076,1909f56bfc062723c751e8b465ee728b)
Start importing Assets/Prefabs using Guid(078b8a50185c44c8cb0f6309ddf7c818) Importer(815301076,1909f56bfc062723c751e8b465ee728b)  -> (artifact id: '6054ec08ff603ba148cb8b10fea20bd4') in 0.007134 seconds
  Import took 0.012612 seconds .

========================================================================
Received Import Request.
  Time since last request: 2.982051 seconds.
  path: Assets/Prefabs/Red Bird.prefab
  artifactKey: Guid(d1f5bacd6ef384ab7949c75f0de85dfd) Importer(815301076,1909f56bfc062723c751e8b465ee728b)
Start importing Assets/Prefabs/Red Bird.prefab using Guid(d1f5bacd6ef384ab7949c75f0de85dfd) Importer(815301076,1909f56bfc062723c751e8b465ee728b)  -> (artifact id: '2198fdffdcd2f34b7f0e69b8b0a32b61') in 0.850207 seconds
  Import took 0.856203 seconds .

